<?xml version="1.0" encoding="UTF-8"?>
<!-- Generated by org.testng.reporters.JUnitReportReporter -->
<testsuite hostname="DESKTOP-K07O5M6" failures="0" tests="1" name="com.sauceDemoEcommerce.testCases.TC_LoginTest_001" time="1.001" errors="0" timestamp="2023-07-01T21:25:15 IST" skipped="0">
  <testcase classname="com.sauceDemoEcommerce.testCases.TC_LoginTest_001" name="Login" time="1.001"/>
  <system-out/>
</testsuite> <!-- com.sauceDemoEcommerce.testCases.TC_LoginTest_001 -->
