<?xml version="1.0" encoding="UTF-8"?>
<!-- Generated by org.testng.reporters.JUnitReportReporter -->
<testsuite hostname="DESKTOP-K07O5M6" failures="0" tests="6" name="com.sauceDemoEcommerce.testCases.TC_AddToCart_003" time="1.937" errors="0" timestamp="2023-07-01T21:25:15 IST" skipped="0">
  <testcase classname="com.sauceDemoEcommerce.testCases.TC_AddToCart_003" name="Payment" time="0.329"/>
  <system-out/>
  <testcase classname="com.sauceDemoEcommerce.testCases.TC_AddToCart_003" name="CheckOut" time="0.078"/>
  <system-out/>
  <testcase classname="com.sauceDemoEcommerce.testCases.TC_AddToCart_003" name="AddInformation" time="0.362"/>
  <system-out/>
  <testcase classname="com.sauceDemoEcommerce.testCases.TC_AddToCart_003" name="AddToCart" time="0.290"/>
  <system-out/>
  <testcase classname="com.sauceDemoEcommerce.testCases.TC_AddToCart_003" name="GoToCart" time="0.067"/>
  <system-out/>
  <testcase classname="com.sauceDemoEcommerce.testCases.TC_AddToCart_003" name="Login" time="0.811"/>
  <system-out/>
</testsuite> <!-- com.sauceDemoEcommerce.testCases.TC_AddToCart_003 -->
