<?xml version="1.0" encoding="UTF-8"?>
<!-- Generated by org.testng.reporters.JUnitReportReporter -->
<testsuite hostname="DESKTOP-K07O5M6" failures="0" tests="4" name="com.sauceDemoEcommerce.testCases.TC_LoginDDT_002" time="7.798" errors="0" timestamp="2023-07-01T21:25:15 IST" skipped="0">
  <testcase classname="com.sauceDemoEcommerce.testCases.TC_LoginDDT_002" name="Login" time="0.510"/>
  <system-out/>
  <testcase classname="com.sauceDemoEcommerce.testCases.TC_LoginDDT_002" name="Login" time="5.583"/>
  <system-out/>
  <testcase classname="com.sauceDemoEcommerce.testCases.TC_LoginDDT_002" name="Login" time="0.567"/>
  <system-out/>
  <testcase classname="com.sauceDemoEcommerce.testCases.TC_LoginDDT_002" name="Login" time="1.138"/>
  <system-out/>
</testsuite> <!-- com.sauceDemoEcommerce.testCases.TC_LoginDDT_002 -->
